<?xml version="1.0" encoding="UTF-8"?>
<!-- Generated by org.testng.reporters.JUnitXMLReporter -->
<testsuite ignored="0" hostname="Swapnas-MacBook-Pro.local" failures="0" tests="4" name="Default test" time="15.441" errors="0" timestamp="2021-08-02T18:20:46 NZST">
  <testcase classname="TestCases.BuggyHomePageTest" name="buggyHomePageTest" time="2.863"/>
  <testcase classname="TestCases.BuggyHomePageTest" name="loginUser" time="3.947"/>
  <testcase classname="TestCases.BuggyHomePageTest" name="userRegistration" time="3.648"/>
  <testcase classname="TestCases.BuggyHomePageTest" name="verifyPopularMake" time="3.692"/>
</testsuite> <!-- Default test -->
