<?xml version="1.0" encoding="UTF-8"?>
<testng-results ignored="0" total="4" passed="4" failed="0" skipped="0">
  <reporter-output>
  </reporter-output>
  <suite started-at="2021-08-02T18:20:31 NZST" name="Default suite" finished-at="2021-08-02T18:20:46 NZST" duration-ms="15441">
    <groups>
    </groups>
    <test started-at="2021-08-02T18:20:31 NZST" name="Default test" finished-at="2021-08-02T18:20:46 NZST" duration-ms="15441">
      <class name="TestCases.BuggyHomePageTest">
        <test-method signature="buggyHomePageTest(java.util.Hashtable)[pri:0, instance:TestCases.BuggyHomePageTest@4f0f2942]" started-at="2021-08-02T18:20:31 NZST" name="buggyHomePageTest" data-provider="verifyLoginTestData" finished-at="2021-08-02T18:20:34 NZST" duration-ms="2863" status="PASS">
          <params>
            <param index="0">
              <value>
                <![CDATA[{Password=Qwerty@12345, pageTitle=Buggy Cars Rating, UserName=qwerty4}]]>
              </value>
            </param>
          </params>
          <reporter-output>
          </reporter-output>
        </test-method> <!-- buggyHomePageTest -->
        <test-method is-config="true" signature="flushReports()[pri:0, instance:TestCases.BuggyHomePageTest@4f0f2942]" started-at="2021-08-02T18:20:34 NZST" name="flushReports" finished-at="2021-08-02T18:20:34 NZST" duration-ms="314" status="PASS">
          <reporter-output>
          </reporter-output>
        </test-method> <!-- flushReports -->
        <test-method signature="loginUser(java.util.Hashtable)[pri:0, instance:TestCases.BuggyHomePageTest@4f0f2942]" started-at="2021-08-02T18:20:34 NZST" name="loginUser" data-provider="verifyLoginTestData" finished-at="2021-08-02T18:20:38 NZST" duration-ms="3947" status="PASS">
          <params>
            <param index="0">
              <value>
                <![CDATA[{Password=Qwerty@12345, pageTitle=Buggy Cars Rating, UserName=qwerty4}]]>
              </value>
            </param>
          </params>
          <reporter-output>
          </reporter-output>
        </test-method> <!-- loginUser -->
        <test-method is-config="true" signature="flushReports()[pri:0, instance:TestCases.BuggyHomePageTest@4f0f2942]" started-at="2021-08-02T18:20:38 NZST" name="flushReports" finished-at="2021-08-02T18:20:39 NZST" duration-ms="166" status="PASS">
          <reporter-output>
          </reporter-output>
        </test-method> <!-- flushReports -->
        <test-method signature="userRegistration()[pri:0, instance:TestCases.BuggyHomePageTest@4f0f2942]" started-at="2021-08-02T18:20:39 NZST" name="userRegistration" finished-at="2021-08-02T18:20:42 NZST" duration-ms="3648" status="PASS">
          <reporter-output>
          </reporter-output>
        </test-method> <!-- userRegistration -->
        <test-method is-config="true" signature="flushReports()[pri:0, instance:TestCases.BuggyHomePageTest@4f0f2942]" started-at="2021-08-02T18:20:42 NZST" name="flushReports" finished-at="2021-08-02T18:20:42 NZST" duration-ms="205" status="PASS">
          <reporter-output>
          </reporter-output>
        </test-method> <!-- flushReports -->
        <test-method signature="verifyPopularMake()[pri:0, instance:TestCases.BuggyHomePageTest@4f0f2942]" started-at="2021-08-02T18:20:42 NZST" name="verifyPopularMake" finished-at="2021-08-02T18:20:46 NZST" duration-ms="3692" status="PASS">
          <reporter-output>
          </reporter-output>
        </test-method> <!-- verifyPopularMake -->
        <test-method is-config="true" signature="flushReports()[pri:0, instance:TestCases.BuggyHomePageTest@4f0f2942]" started-at="2021-08-02T18:20:46 NZST" name="flushReports" finished-at="2021-08-02T18:20:46 NZST" duration-ms="194" status="PASS">
          <reporter-output>
          </reporter-output>
        </test-method> <!-- flushReports -->
      </class> <!-- TestCases.BuggyHomePageTest -->
    </test> <!-- Default test -->
  </suite> <!-- Default suite -->
</testng-results>
